<?xml version="1.0" encoding="UTF-8"?>
<!-- Generated by org.testng.reporters.JUnitReportReporter -->
<testsuite hostname="Dhiraj" failures="0" tests="1" name="testCases.LoginTestCases" time="4.677" errors="0" timestamp="2024-01-12T19:22:06 IST" skipped="0">
  <testcase classname="testCases.LoginTestCases" name="verifyRegistration" time="4.677"/>
  <system-out/>
</testsuite> <!-- testCases.LoginTestCases -->
