<?xml version="1.0" encoding="UTF-8"?>
<!-- Generated by org.testng.reporters.JUnitReportReporter -->
<testsuite hostname="Dhiraj" failures="0" tests="2" name="testCases.RegisterTestCases" time="5.293" errors="0" timestamp="2024-01-12T19:22:06 IST" skipped="0">
  <testcase classname="testCases.RegisterTestCases" name="verifyRegistrationWithValidData" time="1.828"/>
  <system-out/>
  <testcase classname="testCases.RegisterTestCases" name="verifyRegistrationWithBlankData" time="3.465"/>
  <system-out/>
</testsuite> <!-- testCases.RegisterTestCases -->
